<?xml version="1.0" encoding="UTF-8"?>
<testng-results ignored="0" total="1" passed="1" failed="0" skipped="0">
  <reporter-output>
  </reporter-output>
  <suite started-at="2023-10-01T18:02:12 IST" name="Failed suite [OpenCartSuite]" finished-at="2023-10-01T18:02:21 IST" duration-ms="9261">
    <groups>
      <group name="Master">
        <method signature="TC_002_LoginTest.test_Login()[pri:0, instance:testCases.TC_002_LoginTest@5876a9af]" name="test_Login" class="testCases.TC_002_LoginTest"/>
      </group> <!-- Master -->
      <group name="Sanity">
        <method signature="TC_002_LoginTest.test_Login()[pri:0, instance:testCases.TC_002_LoginTest@5876a9af]" name="test_Login" class="testCases.TC_002_LoginTest"/>
      </group> <!-- Sanity -->
    </groups>
    <test started-at="2023-10-01T18:02:12 IST" name="OpenCartTest(failed)" finished-at="2023-10-01T18:02:21 IST" duration-ms="9261">
      <class name="testCases.TC_002_LoginTest">
        <test-method is-config="true" signature="setup(java.lang.String)[pri:0, instance:testCases.TC_002_LoginTest@5876a9af]" started-at="2023-10-01T18:02:12 IST" name="setup" finished-at="2023-10-01T18:02:20 IST" duration-ms="7068" status="PASS">
          <params>
            <param index="0">
              <value>
                <![CDATA[chrome]]>
              </value>
            </param>
          </params>
          <reporter-output>
          </reporter-output>
        </test-method> <!-- setup -->
        <test-method signature="test_Login()[pri:0, instance:testCases.TC_002_LoginTest@5876a9af]" started-at="2023-10-01T18:02:20 IST" name="test_Login" finished-at="2023-10-01T18:02:21 IST" duration-ms="1387" status="PASS">
          <reporter-output>
          </reporter-output>
        </test-method> <!-- test_Login -->
        <test-method is-config="true" signature="tearDown()[pri:0, instance:testCases.TC_002_LoginTest@5876a9af]" started-at="2023-10-01T18:02:21 IST" name="tearDown" finished-at="2023-10-01T18:02:21 IST" duration-ms="367" status="PASS">
          <reporter-output>
          </reporter-output>
        </test-method> <!-- tearDown -->
      </class> <!-- testCases.TC_002_LoginTest -->
    </test> <!-- OpenCartTest(failed) -->
  </suite> <!-- Failed suite [OpenCartSuite] -->
</testng-results>
